0 info it worked if it ends with ok
1 verbose cli [ '/usr/local/bin/node',
1 verbose cli   '/usr/local/bin/npm',
1 verbose cli   'install',
1 verbose cli   '-g',
1 verbose cli   'takana' ]
2 info using npm@2.15.1
3 info using node@v4.4.3
4 verbose install initial load of /usr/local/lib/package.json
5 verbose readDependencies loading dependencies from /usr/local/lib/package.json
6 silly cache add args [ 'takana', null ]
7 verbose cache add spec takana
8 silly cache add parsed spec Result {
8 silly cache add   raw: 'takana',
8 silly cache add   scope: null,
8 silly cache add   name: 'takana',
8 silly cache add   rawSpec: '',
8 silly cache add   spec: 'latest',
8 silly cache add   type: 'tag' }
9 silly addNamed takana@latest
10 verbose addNamed "latest" is being treated as a dist-tag for takana
11 info addNameTag [ 'takana', 'latest' ]
12 silly mapToRegistry name takana
13 silly mapToRegistry using default registry
14 silly mapToRegistry registry https://registry.npmjs.org/
15 silly mapToRegistry data Result {
15 silly mapToRegistry   raw: 'takana',
15 silly mapToRegistry   scope: null,
15 silly mapToRegistry   name: 'takana',
15 silly mapToRegistry   rawSpec: '',
15 silly mapToRegistry   spec: 'latest',
15 silly mapToRegistry   type: 'tag' }
16 silly mapToRegistry uri https://registry.npmjs.org/takana
17 verbose addNameTag registry:https://registry.npmjs.org/takana not in flight; fetching
18 verbose request uri https://registry.npmjs.org/takana
19 verbose request no auth needed
20 info attempt registry request try #1 at 4:05:35 PM
21 verbose request id 39dd0e668e1ef04b
22 http request GET https://registry.npmjs.org/takana
23 http 200 https://registry.npmjs.org/takana
24 verbose headers { server: 'CouchDB/1.5.0 (Erlang OTP/R16B03)',
24 verbose headers   etag: '"79JZ4Y55KHII66ODK205T4JE3"',
24 verbose headers   'content-type': 'application/json',
24 verbose headers   'content-encoding': 'gzip',
24 verbose headers   'cache-control': 'max-age=300',
24 verbose headers   'content-length': '4741',
24 verbose headers   'accept-ranges': 'bytes',
24 verbose headers   date: 'Wed, 01 Jun 2016 14:05:36 GMT',
24 verbose headers   via: '1.1 varnish',
24 verbose headers   age: '0',
24 verbose headers   connection: 'keep-alive',
24 verbose headers   'x-served-by': 'cache-fra1226-FRA',
24 verbose headers   'x-cache': 'MISS',
24 verbose headers   'x-cache-hits': '0',
24 verbose headers   'x-timer': 'S1464789936.154522,VS0,VE116',
24 verbose headers   vary: 'Accept-Encoding' }
25 silly get cb [ 200,
25 silly get   { server: 'CouchDB/1.5.0 (Erlang OTP/R16B03)',
25 silly get     etag: '"79JZ4Y55KHII66ODK205T4JE3"',
25 silly get     'content-type': 'application/json',
25 silly get     'content-encoding': 'gzip',
25 silly get     'cache-control': 'max-age=300',
25 silly get     'content-length': '4741',
25 silly get     'accept-ranges': 'bytes',
25 silly get     date: 'Wed, 01 Jun 2016 14:05:36 GMT',
25 silly get     via: '1.1 varnish',
25 silly get     age: '0',
25 silly get     connection: 'keep-alive',
25 silly get     'x-served-by': 'cache-fra1226-FRA',
25 silly get     'x-cache': 'MISS',
25 silly get     'x-cache-hits': '0',
25 silly get     'x-timer': 'S1464789936.154522,VS0,VE116',
25 silly get     vary: 'Accept-Encoding' } ]
26 verbose get saving takana to /Users/Forest/.npm/registry.npmjs.org/takana/.cache.json
27 verbose correctMkdir /Users/Forest/.npm correctMkdir not in flight; initializing
28 silly addNameTag next cb for takana with tag latest
29 silly addNamed takana@0.5.4
30 verbose addNamed "0.5.4" is a plain semver version for takana
31 silly mapToRegistry name takana
32 silly mapToRegistry using default registry
33 silly mapToRegistry registry https://registry.npmjs.org/
34 silly mapToRegistry data Result {
34 silly mapToRegistry   raw: 'takana',
34 silly mapToRegistry   scope: null,
34 silly mapToRegistry   name: 'takana',
34 silly mapToRegistry   rawSpec: '',
34 silly mapToRegistry   spec: 'latest',
34 silly mapToRegistry   type: 'tag' }
35 silly mapToRegistry uri https://registry.npmjs.org/takana
36 verbose addRemoteTarball https://registry.npmjs.org/takana/-/takana-0.5.4.tgz not in flight; adding
37 verbose addRemoteTarball [ 'https://registry.npmjs.org/takana/-/takana-0.5.4.tgz',
37 verbose addRemoteTarball   '81954e7de422efdea273e5bd793dcb67a16aa6cc' ]
38 info retry fetch attempt 1 at 4:05:36 PM
39 info attempt registry request try #1 at 4:05:36 PM
40 http fetch GET https://registry.npmjs.org/takana/-/takana-0.5.4.tgz
41 http fetch 200 https://registry.npmjs.org/takana/-/takana-0.5.4.tgz
42 silly fetchAndShaCheck shasum 81954e7de422efdea273e5bd793dcb67a16aa6cc
43 verbose addTmpTarball /var/folders/2b/xcby2p891njcwzj308l7gpgc0000gn/T/npm-3022-ff771411/registry.npmjs.org/takana/-/takana-0.5.4.tgz not in flight; adding
44 verbose addTmpTarball already have metadata; skipping unpack for takana@0.5.4
45 verbose correctMkdir /Users/Forest/.npm correctMkdir not in flight; initializing
46 silly cache afterAdd takana@0.5.4
47 verbose afterAdd /Users/Forest/.npm/takana/0.5.4/package/package.json not in flight; writing
48 verbose correctMkdir /Users/Forest/.npm correctMkdir not in flight; initializing
49 verbose afterAdd /Users/Forest/.npm/takana/0.5.4/package/package.json written
50 silly install resolved [ { name: 'takana',
50 silly install resolved     version: '0.5.4',
50 silly install resolved     repository:
50 silly install resolved      { type: 'git',
50 silly install resolved        url: 'git+ssh://git@github.com/mechio/takana.git' },
50 silly install resolved     description: 'Takana live editor server',
50 silly install resolved     main: 'index.js',
50 silly install resolved     scripts: { test: './scripts/test' },
50 silly install resolved     bin: { takana: 'bin/takana' },
50 silly install resolved     preferGlobal: true,
50 silly install resolved     author: { name: 'mech.io' },
50 silly install resolved     license: 'MIT',
50 silly install resolved     dependencies:
50 silly install resolved      { chokidar: '^1.0.0-rc4',
50 silly install resolved        'coffee-script': '~1.6.3',
50 silly install resolved        commander: '~2.1.0',
50 silly install resolved        connect: '~2.12.0',
50 silly install resolved        express: '~3.4.8',
50 silly install resolved        less: '~2.5.3',
50 silly install resolved        log4js: '~0.6.9',
50 silly install resolved        mime: '^1.2.11',
50 silly install resolved        'node-sass': '~3.4.2',
50 silly install resolved        nssocket: '~0.5.1',
50 silly install resolved        q: '~1.0.0',
50 silly install resolved        shelljs: '~0.2.6',
50 silly install resolved        'takana-client': '^1.0.3',
50 silly install resolved        underscore: '~1.5.2',
50 silly install resolved        websocket: '~1.0.8' },
50 silly install resolved     devDependencies:
50 silly install resolved      { mocha: '~2.3.3',
50 silly install resolved        should: '~7.1.0',
50 silly install resolved        checksum: '~0.1.1',
50 silly install resolved        glob: '~3.2.8',
50 silly install resolved        sinon: '~1.17.1',
50 silly install resolved        'gulp-watch': '^0.6.5',
50 silly install resolved        'gulp-docco': '0.0.4' },
50 silly install resolved     gitHead: '59ab102c3de102f52754691b915430ef039a171d',
50 silly install resolved     bugs: { url: 'https://github.com/mechio/takana/issues' },
50 silly install resolved     homepage: 'https://github.com/mechio/takana#readme',
50 silly install resolved     _id: 'takana@0.5.4',
50 silly install resolved     _shasum: '81954e7de422efdea273e5bd793dcb67a16aa6cc',
50 silly install resolved     _from: 'takana@latest',
50 silly install resolved     _npmVersion: '3.3.12',
50 silly install resolved     _nodeVersion: '5.5.0',
50 silly install resolved     _npmUser: { name: 'barnaby', email: 'bmalet@gmail.com' },
50 silly install resolved     dist:
50 silly install resolved      { shasum: '81954e7de422efdea273e5bd793dcb67a16aa6cc',
50 silly install resolved        tarball: 'https://registry.npmjs.org/takana/-/takana-0.5.4.tgz' },
50 silly install resolved     maintainers: [ [Object], [Object] ],
50 silly install resolved     _npmOperationalInternal:
50 silly install resolved      { host: 'packages-9-west.internal.npmjs.com',
50 silly install resolved        tmp: 'tmp/takana-0.5.4.tgz_1456564374106_0.9578698785044253' },
50 silly install resolved     directories: {},
50 silly install resolved     _resolved: 'https://registry.npmjs.org/takana/-/takana-0.5.4.tgz' } ]
51 info install takana@0.5.4 into /usr/local/lib
52 info installOne takana@0.5.4
53 verbose installOne of takana to /usr/local/lib not in flight; installing
54 verbose correctMkdir /Users/Forest/.npm/_locks correctMkdir not in flight; initializing
55 verbose makeDirectory /Users/Forest/.npm/_locks creation not in flight; initializing
56 silly makeDirectory /Users/Forest/.npm/_locks uid: 501 gid: 20
57 verbose lock using /Users/Forest/.npm/_locks/takana-6d627042bd4fa4f7.lock for /usr/local/lib/node_modules/takana
58 silly install write writing takana 0.5.4 to /usr/local/lib/node_modules/takana
59 verbose unbuild lib/node_modules/takana
60 silly gentlyRm /usr/local/lib/node_modules/takana is being purged from base /usr/local
61 verbose gentlyRm don't care about contents; nuking /usr/local/lib/node_modules/takana
62 verbose tar unpack /Users/Forest/.npm/takana/0.5.4/package.tgz
63 verbose tar unpacking to /usr/local/lib/node_modules/takana
64 silly gentlyRm /usr/local/lib/node_modules/takana is being purged
65 verbose gentlyRm don't care about contents; nuking /usr/local/lib/node_modules/takana
66 silly gunzTarPerm modes [ '755', '644' ]
67 error tar.unpack untar error /Users/Forest/.npm/takana/0.5.4/package.tgz
68 verbose unlock done using /Users/Forest/.npm/_locks/takana-6d627042bd4fa4f7.lock for /usr/local/lib/node_modules/takana
69 verbose fstream_path /usr/local/lib/node_modules/takana
70 verbose fstream_type Directory
71 verbose fstream_class DirWriter
72 verbose stack Error: EACCES: permission denied, mkdir '/usr/local/lib/node_modules/takana'
72 verbose stack     at Error (native)
73 verbose fstream_stack /usr/local/lib/node_modules/npm/node_modules/fstream/lib/dir-writer.js:35:25
73 verbose fstream_stack /usr/local/lib/node_modules/npm/node_modules/mkdirp/index.js:47:53
73 verbose fstream_stack FSReqWrap.oncomplete (fs.js:82:15)
74 verbose cwd /Users/Jobs, Sites and invoices/For clients/MAMP/doughroller/wp-content/themes/DoughRoller_2016
75 error Darwin 15.5.0
76 error argv "/usr/local/bin/node" "/usr/local/bin/npm" "install" "-g" "takana"
77 error node v4.4.3
78 error npm  v2.15.1
79 error path /usr/local/lib/node_modules/takana
80 error code EACCES
81 error errno -13
82 error syscall mkdir
83 error Error: EACCES: permission denied, mkdir '/usr/local/lib/node_modules/takana'
83 error     at Error (native)
83 error  { [Error: EACCES: permission denied, mkdir '/usr/local/lib/node_modules/takana']
83 error   errno: -13,
83 error   code: 'EACCES',
83 error   syscall: 'mkdir',
83 error   path: '/usr/local/lib/node_modules/takana',
83 error   fstream_type: 'Directory',
83 error   fstream_path: '/usr/local/lib/node_modules/takana',
83 error   fstream_class: 'DirWriter',
83 error   fstream_stack:
83 error    [ '/usr/local/lib/node_modules/npm/node_modules/fstream/lib/dir-writer.js:35:25',
83 error      '/usr/local/lib/node_modules/npm/node_modules/mkdirp/index.js:47:53',
83 error      'FSReqWrap.oncomplete (fs.js:82:15)' ] }
84 error Please try running this command again as root/Administrator.
85 verbose exit [ -13, true ]
86 verbose unbuild lib/node_modules/takana
87 silly gentlyRm /usr/local/lib/node_modules/takana is being purged from base /usr/local
88 verbose gentlyRm don't care about contents; nuking /usr/local/lib/node_modules/takana
